---- Deque_MyClass, 14
-1
Mary
3
Tom
0
Mike
2
Mary
3
Tom
0
Mike
0
Mike
0
Mike
2
Mary
3
Tom
2
Mary
0
Mike
2
Mary
3
Tom
3
Tom
0
Mike
2
Mary
3
Tom
2
Mary
0
Mike
0
Mike
2
Mary
3
Tom
2
Mary
0
Mike
2
Mary
3
Tom
3
Tom
0
Mike
2
Mary
3
Tom
3
Tom
0
Mike
0
Mike
2
Mary
3
Tom
2
Mary
0
Mike
2
Mary
3
Tom
3
Tom
0
Mike
2
Mary
3
Tom
0
Mike
1
Joe
2
Mary
---- Deque_int, 10
-1
3
0
2
3
0: 0
1: 1
2: 2
10001 max size
2250755 push_backs, 2249612 push_fronts, 2256641 pop_backs, 2253709 pop_fronts, 17 size
Sum of all integers between 0 and 10000000 calculated using a deque is 49999995000000.
1000103 allocations totalling 183628312 bytes
5.01user 0.01system 0:05.03elapsed 99%CPU (0avgtext+0avgdata 41932maxresident)k
0inputs+0outputs (0major+4491minor)pagefaults 0swaps
